<?xml version="1.0" encoding="UTF-8"?>
<!-- Generated by org.testng.reporters.JUnitXMLReporter -->
<testsuite ignored="0" hostname="DESKTOP-6L7S93F" failures="3" tests="4" name="Command line test" time="140.28" errors="0" timestamp="13 Dec 2018 15:04:32 GMT">
  <testcase classname="com.vipwriters.LoginClientTest" name="Login1" time="20.424"/>
  <testcase classname="com.vipwriters.LoginTest" name="Loginuser" time="30.005">
    <failure type="org.junit.ComparisonFailure" message="expected:&amp;lt;Available Orders[123]&amp;gt; but was:&amp;lt;Available Orders[]&amp;gt;">
      <![CDATA[org.junit.ComparisonFailure: expected:<Available Orders[123]> but was:<Available Orders[]>
at org.junit.Assert.assertEquals(Assert.java:115)
at org.junit.Assert.assertEquals(Assert.java:144)
at com.vipwriters.LoginTest.Loginuser(LoginTest.java:103)
... Removed 35 stack frames]]>
    </failure>
  </testcase> <!-- Loginuser -->
  <testcase classname="com.vipwriters.LoginTest" name="Loginuserasd123" time="26.099">
    <failure type="org.junit.ComparisonFailure" message="expected:&amp;lt;Available Orders[123]&amp;gt; but was:&amp;lt;Available Orders[]&amp;gt;">
      <![CDATA[org.junit.ComparisonFailure: expected:<Available Orders[123]> but was:<Available Orders[]>
at org.junit.Assert.assertEquals(Assert.java:115)
at org.junit.Assert.assertEquals(Assert.java:144)
at com.vipwriters.LoginTest.Loginuserasd123(LoginTest.java:78)
... Removed 35 stack frames]]>
    </failure>
  </testcase> <!-- Loginuserasd123 -->
  <testcase classname="com.vipwriters.TraineeTest" name="search" time="0.003">
    <failure type="java.lang.NullPointerException">
      <![CDATA[java.lang.NullPointerException
at com.vipwriters.TraineeTest.search(TraineeTest.java:53)
... Removed 35 stack frames]]>
    </failure>
  </testcase> <!-- search -->
</testsuite> <!-- Command line test -->
