<?xml version="1.0" encoding="UTF-8"?>
<testsuite xmlns:xsi="http://www.w3.org/2001/XMLSchema-instance" xsi:schemaLocation="https://maven.apache.org/surefire/maven-surefire-plugin/xsd/surefire-test-report.xsd" name="com.vipwriters.SaveFilesTest" time="68.366" tests="1" errors="1" skipped="0" failures="0">
  <properties>
[...]
</properties>
  <testcase name="sf" classname="com.vipwriters.SaveFilesTest" time="68.365">
    <error message="Unable to locate element: //*[@id=&quot;mm-0&quot;]/div[3]/div/div[1]/div[2]/ul[1]/li[3]/a/span&#10;For documentation on this error, please visit: http://seleniumhq.org/exceptions/no_such_element.html&#10;Build info: version: &apos;3.12.0&apos;, revision: &apos;7c6e0b3&apos;, time: &apos;2018-05-08T14:04:26.12Z&apos;&#10;System info: host: &apos;DESKTOP-6L7S93F&apos;, ip: &apos;192.168.137.1&apos;, os.name: &apos;Windows 10&apos;, os.arch: &apos;amd64&apos;, os.version: &apos;10.0&apos;, java.version: &apos;9.0.1&apos;&#10;Driver info: org.openqa.selenium.firefox.FirefoxDriver&#10;Capabilities {acceptInsecureCerts: true, browserName: firefox, browserVersion: 63.0.3, javascriptEnabled: true, moz:accessibilityChecks: false, moz:geckodriverVersion: 0.23.0, moz:headless: false, moz:processID: 9632, moz:profile: C:\Users\dmytr\AppData\Loca..., moz:useNonSpecCompliantPointerOrigin: false, moz:webdriverClick: true, pageLoadStrategy: normal, platform: WINDOWS, platformName: WINDOWS, platformVersion: 10.0, rotatable: false, setWindowRect: true, timeouts: {implicit: 0, pageLoad: 300000, script: 30000}, unhandledPromptBehavior: dismiss and notify}&#10;Session ID: ed240c9a-90a8-4a88-83a2-c36484757043&#10;*** Element info: {Using=xpath, value=//*[@id=&quot;mm-0&quot;]/div[3]/div/div[1]/div[2]/ul[1]/li[3]/a/span}" type="org.openqa.selenium.NoSuchElementException">org.openqa.selenium.NoSuchElementException: 
Unable to locate element: //*[@id="mm-0"]/div[3]/div/div[1]/div[2]/ul[1]/li[3]/a/span
For documentation on this error, please visit: http://seleniumhq.org/exceptions/no_such_element.html
Build info: version: '3.12.0', revision: '7c6e0b3', time: '2018-05-08T14:04:26.12Z'
System info: host: 'DESKTOP-6L7S93F', ip: '192.168.137.1', os.name: 'Windows 10', os.arch: 'amd64', os.version: '10.0', java.version: '9.0.1'
Driver info: org.openqa.selenium.firefox.FirefoxDriver
Capabilities {acceptInsecureCerts: true, browserName: firefox, browserVersion: 63.0.3, javascriptEnabled: true, moz:accessibilityChecks: false, moz:geckodriverVersion: 0.23.0, moz:headless: false, moz:processID: 9632, moz:profile: C:\Users\dmytr\AppData\Loca..., moz:useNonSpecCompliantPointerOrigin: false, moz:webdriverClick: true, pageLoadStrategy: normal, platform: WINDOWS, platformName: WINDOWS, platformVersion: 10.0, rotatable: false, setWindowRect: true, timeouts: {implicit: 0, pageLoad: 300000, script: 30000}, unhandledPromptBehavior: dismiss and notify}
Session ID: ed240c9a-90a8-4a88-83a2-c36484757043
*** Element info: {Using=xpath, value=//*[@id="mm-0"]/div[3]/div/div[1]/div[2]/ul[1]/li[3]/a/span}
	at com.vipwriters.SaveFilesTest.sf(SaveFilesTest.java:27)
</error>
    <system-out><![CDATA[Screenclass com.vipwriters.SaveFilesTest
]]></system-out>
    <system-err><![CDATA[1544889797347	mozrunner::runner	INFO	Running command: "C:\\Program Files (x86)\\Mozilla Firefox\\firefox.exe" "-marionette" "-foreground" "-no-remote" "-profile" "C:\\Users\\dmytr\\AppData\\Local\\Temp\\rust_mozprofile.pfj9FT8Q9T3K"
1544889802315	Marionette	INFO	Listening on port 56509
1544889802900	Marionette	WARN	TLS certificate errors will be ignored for this session
Dec 15, 2018 6:03:23 PM org.openqa.selenium.remote.ProtocolHandshake createSession
INFO: Detected dialect: W3C
console.error: BroadcastService: 
  receivedBroadcastMessage: handler for
  remote-settings/monitor_changes
  threw error:
  Message: Error: Polling for changes failed: NetworkError when attempting to fetch resource..
  Stack:
    remoteSettingsFunction/remoteSettings.pollChanges@resource://services-settings/remote-settings.js:721:13

1544889862575	Marionette	INFO	Stopped listening on port 56509
[Parent 9632, Gecko_IOThread] WARNING: pipe error: 109: file z:/build/build/src/ipc/chromium/src/chrome/common/ipc_channel_win.cc, line 346
[Child 13048, Chrome_ChildThread] WARNING: pipe error: 109: file z:/build/build/src/ipc/chromium/src/chrome/common/ipc_channel_win.cc, line 346

###!!! [Child][MessageChannel::SendAndWait] Error: Channel error: cannot send/recv

]]></system-err>
  </testcase>
</testsuite>