<?xml version="1.0" encoding="UTF-8"?>
<testsuite xmlns:xsi="http://www.w3.org/2001/XMLSchema-instance" xsi:schemaLocation="https://maven.apache.org/surefire/maven-surefire-plugin/xsd/surefire-test-report.xsd" name="com.vipwriters.LoginClientTest" time="0.011" tests="1" errors="1" skipped="0" failures="0">
  <properties>
[...]
</properties>
  <testcase name="initializationError" classname="com.vipwriters.LoginClientTest" time="0.007">
    <error message="No runnable methods" type="java.lang.Exception">java.lang.Exception: No runnable methods
</error>
    <system-err><![CDATA[org.aspectj.apache.bcel.classfile.ClassFormatException: Invalid byte tag in constant pool: 18
	at org.aspectj.apache.bcel.classfile.Constant.readConstant(Constant.java:135)
	at org.aspectj.apache.bcel.classfile.ConstantPool.<init>(ConstantPool.java:45)
	at org.aspectj.apache.bcel.classfile.ClassParser.readConstantPool(ClassParser.java:186)
	at org.aspectj.apache.bcel.classfile.ClassParser.parse(ClassParser.java:131)
	at org.aspectj.apache.bcel.util.ClassLoaderRepository.loadClass(ClassLoaderRepository.java:292)
	at org.aspectj.weaver.bcel.BcelWorld.lookupJavaClass(BcelWorld.java:379)
	at org.aspectj.weaver.bcel.BcelWorld.resolveDelegate(BcelWorld.java:362)
	at org.aspectj.weaver.ltw.LTWWorld.resolveDelegate(LTWWorld.java:107)
	at org.aspectj.weaver.World.resolveToReferenceType(World.java:384)
	at org.aspectj.weaver.World.resolve(World.java:278)
	at org.aspectj.weaver.bcel.BcelWeaver.addLibraryAspect(BcelWeaver.java:158)
	at org.aspectj.weaver.loadtime.ClassLoaderWeavingAdaptor.registerAspects(ClassLoaderWeavingAdaptor.java:432)
	at org.aspectj.weaver.loadtime.ClassLoaderWeavingAdaptor.registerDefinitions(ClassLoaderWeavingAdaptor.java:267)
	at org.aspectj.weaver.loadtime.ClassLoaderWeavingAdaptor.initialize(ClassLoaderWeavingAdaptor.java:159)
	at org.aspectj.weaver.loadtime.Aj$ExplicitlyInitializedClassLoaderWeavingAdaptor.initialize(Aj.java:271)
	at org.aspectj.weaver.loadtime.Aj$ExplicitlyInitializedClassLoaderWeavingAdaptor.getWeavingAdaptor(Aj.java:276)
	at org.aspectj.weaver.loadtime.Aj$WeaverContainer.getWeaver(Aj.java:254)
	at org.aspectj.weaver.loadtime.Aj.preProcess(Aj.java:90)
	at org.aspectj.weaver.loadtime.ClassPreProcessorAgentAdapter.transform(ClassPreProcessorAgentAdapter.java:52)
	at java.instrument/java.lang.instrument.ClassFileTransformer.transform(ClassFileTransformer.java:246)
	at java.instrument/sun.instrument.TransformerManager.transform(TransformerManager.java:188)
	at java.instrument/sun.instrument.InstrumentationImpl.transform(InstrumentationImpl.java:550)
	at java.base/jdk.internal.misc.Unsafe.defineClass0(Native Method)
	at java.base/jdk.internal.misc.Unsafe.defineClass(Unsafe.java:1173)
	at java.base/jdk.internal.reflect.ClassDefiner.defineClass(ClassDefiner.java:63)
	at java.base/jdk.internal.reflect.MethodAccessorGenerator$1.run(MethodAccessorGenerator.java:400)
	at java.base/jdk.internal.reflect.MethodAccessorGenerator$1.run(MethodAccessorGenerator.java:394)
	at java.base/java.security.AccessController.doPrivileged(Native Method)
	at java.base/jdk.internal.reflect.MethodAccessorGenerator.generate(MethodAccessorGenerator.java:393)
	at java.base/jdk.internal.reflect.MethodAccessorGenerator.generateSerializationConstructor(MethodAccessorGenerator.java:112)
	at java.base/jdk.internal.reflect.ReflectionFactory.generateConstructor(ReflectionFactory.java:434)
	at java.base/jdk.internal.reflect.ReflectionFactory.newConstructorForSerialization(ReflectionFactory.java:426)
	at java.base/java.io.ObjectStreamClass.getSerializableConstructor(ObjectStreamClass.java:1516)
	at java.base/java.io.ObjectStreamClass.access$1500(ObjectStreamClass.java:81)
	at java.base/java.io.ObjectStreamClass$2.run(ObjectStreamClass.java:509)
	at java.base/java.io.ObjectStreamClass$2.run(ObjectStreamClass.java:484)
	at java.base/java.security.AccessController.doPrivileged(Native Method)
	at java.base/java.io.ObjectStreamClass.<init>(ObjectStreamClass.java:484)
	at java.base/java.io.ObjectStreamClass.lookup(ObjectStreamClass.java:381)
	at java.base/java.io.ObjectStreamClass.lookup(ObjectStreamClass.java:225)
	at org.junit.runner.Result.<clinit>(Result.java:27)
	at org.apache.maven.surefire.junit4.JUnit4Provider.invoke(JUnit4Provider.java:155)
	at org.apache.maven.surefire.booter.ForkedBooter.invokeProviderInSameClassLoader(ForkedBooter.java:286)
	at org.apache.maven.surefire.booter.ForkedBooter.runSuitesInProcess(ForkedBooter.java:240)
	at org.apache.maven.surefire.booter.ForkedBooter.main(ForkedBooter.java:121)
[DelegatingClassLoader@4d02f94e] warning register definition failed -- (ClassFormatException) File: 'io.qameta.allure.aspects.StepsAspects': Invalid byte tag in constant pool: 18
File: 'io.qameta.allure.aspects.StepsAspects': Invalid byte tag in constant pool: 18
org.aspectj.apache.bcel.classfile.ClassFormatException: File: 'io.qameta.allure.aspects.StepsAspects': Invalid byte tag in constant pool: 18
	at org.aspectj.apache.bcel.classfile.ClassParser.readConstantPool(ClassParser.java:192)
	at org.aspectj.apache.bcel.classfile.ClassParser.parse(ClassParser.java:131)
	at org.aspectj.apache.bcel.util.ClassLoaderRepository.loadClass(ClassLoaderRepository.java:292)
	at org.aspectj.weaver.bcel.BcelWorld.lookupJavaClass(BcelWorld.java:379)
	at org.aspectj.weaver.bcel.BcelWorld.resolveDelegate(BcelWorld.java:362)
	at org.aspectj.weaver.ltw.LTWWorld.resolveDelegate(LTWWorld.java:107)
	at org.aspectj.weaver.World.resolveToReferenceType(World.java:384)
	at org.aspectj.weaver.World.resolve(World.java:278)
	at org.aspectj.weaver.bcel.BcelWeaver.addLibraryAspect(BcelWeaver.java:158)
	at org.aspectj.weaver.loadtime.ClassLoaderWeavingAdaptor.registerAspects(ClassLoaderWeavingAdaptor.java:432)
	at org.aspectj.weaver.loadtime.ClassLoaderWeavingAdaptor.registerDefinitions(ClassLoaderWeavingAdaptor.java:267)
	at org.aspectj.weaver.loadtime.ClassLoaderWeavingAdaptor.initialize(ClassLoaderWeavingAdaptor.java:159)
	at org.aspectj.weaver.loadtime.Aj$ExplicitlyInitializedClassLoaderWeavingAdaptor.initialize(Aj.java:271)
	at org.aspectj.weaver.loadtime.Aj$ExplicitlyInitializedClassLoaderWeavingAdaptor.getWeavingAdaptor(Aj.java:276)
	at org.aspectj.weaver.loadtime.Aj$WeaverContainer.getWeaver(Aj.java:254)
	at org.aspectj.weaver.loadtime.Aj.preProcess(Aj.java:90)
	at org.aspectj.weaver.loadtime.ClassPreProcessorAgentAdapter.transform(ClassPreProcessorAgentAdapter.java:52)
	at java.instrument/java.lang.instrument.ClassFileTransformer.transform(ClassFileTransformer.java:246)
	at java.instrument/sun.instrument.TransformerManager.transform(TransformerManager.java:188)
	at java.instrument/sun.instrument.InstrumentationImpl.transform(InstrumentationImpl.java:550)
	at java.base/jdk.internal.misc.Unsafe.defineClass0(Native Method)
	at java.base/jdk.internal.misc.Unsafe.defineClass(Unsafe.java:1173)
	at java.base/jdk.internal.reflect.ClassDefiner.defineClass(ClassDefiner.java:63)
	at java.base/jdk.internal.reflect.MethodAccessorGenerator$1.run(MethodAccessorGenerator.java:400)
	at java.base/jdk.internal.reflect.MethodAccessorGenerator$1.run(MethodAccessorGenerator.java:394)
	at java.base/java.security.AccessController.doPrivileged(Native Method)
	at java.base/jdk.internal.reflect.MethodAccessorGenerator.generate(MethodAccessorGenerator.java:393)
	at java.base/jdk.internal.reflect.MethodAccessorGenerator.generateSerializationConstructor(MethodAccessorGenerator.java:112)
	at java.base/jdk.internal.reflect.ReflectionFactory.generateConstructor(ReflectionFactory.java:434)
	at java.base/jdk.internal.reflect.ReflectionFactory.newConstructorForSerialization(ReflectionFactory.java:426)
	at java.base/java.io.ObjectStreamClass.getSerializableConstructor(ObjectStreamClass.java:1516)
	at java.base/java.io.ObjectStreamClass.access$1500(ObjectStreamClass.java:81)
	at java.base/java.io.ObjectStreamClass$2.run(ObjectStreamClass.java:509)
	at java.base/java.io.ObjectStreamClass$2.run(ObjectStreamClass.java:484)
	at java.base/java.security.AccessController.doPrivileged(Native Method)
	at java.base/java.io.ObjectStreamClass.<init>(ObjectStreamClass.java:484)
	at java.base/java.io.ObjectStreamClass.lookup(ObjectStreamClass.java:381)
	at java.base/java.io.ObjectStreamClass.lookup(ObjectStreamClass.java:225)
	at org.junit.runner.Result.<clinit>(Result.java:27)
	at org.apache.maven.surefire.junit4.JUnit4Provider.invoke(JUnit4Provider.java:155)
	at org.apache.maven.surefire.booter.ForkedBooter.invokeProviderInSameClassLoader(ForkedBooter.java:286)
	at org.apache.maven.surefire.booter.ForkedBooter.runSuitesInProcess(ForkedBooter.java:240)
	at org.apache.maven.surefire.booter.ForkedBooter.main(ForkedBooter.java:121)

]]></system-err>
  </testcase>
</testsuite>